<?xml version="1.0" encoding="UTF-8"?>
<!-- Generated by org.testng.reporters.JUnitReportReporter -->
<testsuite hostname="HOANGNAM-VAIO" name="weblinks.TM_Weblink_003" tests="2" failures="0" timestamp="23 Jul 2015 04:20:35 GMT" time="27.425" errors="0">
  <testcase name="TC_Weblink_005" time="7.747" classname="weblinks.TM_Weblink_003"/>
  <testcase name="TC_Weblink_004" time="19.678" classname="weblinks.TM_Weblink_003"/>
</testsuite> <!-- weblinks.TM_Weblink_003 -->
