<?xml version="1.0" encoding="UTF-8"?>
<!-- Generated by org.testng.reporters.JUnitReportReporter -->
<testsuite hostname="HOANGNAM-VAIO" name="banners.TM_Banners_002" tests="2" failures="0" timestamp="20 Jul 2015 15:33:25 GMT" time="62.339" errors="0">
  <testcase name="TC_Banner_002" time="50.447" classname="banners.TM_Banners_002"/>
  <testcase name="TC_Banner_005" time="11.892" classname="banners.TM_Banners_002"/>
</testsuite> <!-- banners.TM_Banners_002 -->
