<?xml version="1.0" encoding="UTF-8"?>
<!-- Generated by org.testng.reporters.JUnitReportReporter -->
<testsuite hostname="HOANGNAM-VAIO" name="contacts.TM_Contact_003" tests="1" failures="0" timestamp="14 Jul 2015 00:24:54 GMT" time="24.643" errors="0">
  <testcase name="TC_Contact_010" time="24.643" classname="contacts.TM_Contact_003"/>
</testsuite> <!-- contacts.TM_Contact_003 -->
