<?xml version="1.0" encoding="UTF-8"?>
<!-- Generated by org.testng.reporters.JUnitReportReporter -->
<testsuite hostname="LGDN-PC" name="bannerclients.TM_BannerClient_002" tests="4" failures="0" timestamp="14 Jul 2015 06:22:46 GMT" time="14.264" errors="0">
  <testcase name="TC_BannerClient_004" time="1.380" classname="bannerclients.TM_BannerClient_002"/>
  <testcase name="TC_BannerClient_002" time="9.757" classname="bannerclients.TM_BannerClient_002"/>
  <testcase name="TC_BannerClient_006" time="2.220" classname="bannerclients.TM_BannerClient_002"/>
  <testcase name="TC_BannerClient_008" time="0.907" classname="bannerclients.TM_BannerClient_002"/>
</testsuite> <!-- bannerclients.TM_BannerClient_002 -->
