<?xml version="1.0" encoding="UTF-8"?>
<!-- Generated by org.testng.reporters.JUnitReportReporter -->
<testsuite hostname="HOANGNAM-VAIO" name="banners.TM_Banners_005" tests="1" failures="0" timestamp="20 Jul 2015 15:33:25 GMT" time="48.111" errors="0">
  <testcase name="TC_Banner_09" time="48.111" classname="banners.TM_Banners_005"/>
</testsuite> <!-- banners.TM_Banners_005 -->
