<?xml version="1.0" encoding="UTF-8"?>
<!-- Generated by org.testng.reporters.JUnitReportReporter -->
<testsuite hostname="HOANGNAM-VAIO" name="banners.TM_Banners_005" tests="1" failures="0" timestamp="20 Jul 2015 00:26:45 GMT" time="46.863" errors="0">
  <testcase name="TC_Banner_09" time="46.863" classname="banners.TM_Banners_005"/>
</testsuite> <!-- banners.TM_Banners_005 -->
