<?xml version="1.0" encoding="UTF-8"?>
<!-- Generated by org.testng.reporters.JUnitReportReporter -->
<testsuite hostname="ANDONGNHI" name="weblinks.TM_Weblink_003" tests="2" failures="0" timestamp="27 Jul 2015 15:35:24 GMT" time="28.397" errors="0">
  <testcase name="TC_Weblink_004" time="20.841" classname="weblinks.TM_Weblink_003"/>
  <testcase name="TC_Weblink_005" time="7.556" classname="weblinks.TM_Weblink_003"/>
</testsuite> <!-- weblinks.TM_Weblink_003 -->
