<?xml version="1.0" encoding="UTF-8"?>
<!-- Generated by org.testng.reporters.JUnitReportReporter -->
<testsuite hostname="HOANGNAM-VAIO" name="banners.TM_Banners_007" tests="2" failures="0" timestamp="20 Jul 2015 16:02:34 GMT" time="60.285" errors="0">
  <testcase name="TC_Banners_012" time="10.687" classname="banners.TM_Banners_007"/>
  <testcase name="TC_Banner_013" time="49.598" classname="banners.TM_Banners_007"/>
</testsuite> <!-- banners.TM_Banners_007 -->
