<?xml version="1.0" encoding="UTF-8"?>
<!-- Generated by org.testng.reporters.JUnitReportReporter -->
<testsuite hostname="HOANGNAM-VAIO" name="article.TM_Article_002" tests="1" failures="0" timestamp="23 Jul 2015 04:20:35 GMT" time="33.427" errors="0">
  <testcase name="TC_Article_005" time="33.427" classname="article.TM_Article_002"/>
</testsuite> <!-- article.TM_Article_002 -->
