<?xml version="1.0" encoding="UTF-8"?>
<!-- Generated by org.testng.reporters.JUnitReportReporter -->
<testsuite hostname="HOANGNAM-VAIO" name="banners.TM_Banners_002" tests="2" failures="0" timestamp="14 Jul 2015 00:24:54 GMT" time="52.106" errors="0">
  <testcase name="TC_Banner_005" time="11.548" classname="banners.TM_Banners_002"/>
  <testcase name="TC_Banner_002" time="40.558" classname="banners.TM_Banners_002"/>
</testsuite> <!-- banners.TM_Banners_002 -->
