<?xml version="1.0" encoding="UTF-8"?>
<!-- Generated by org.testng.reporters.JUnitReportReporter -->
<testsuite hostname="LGDN-PC" name="categorymanager.TM_CategoryManager_002" tests="3" failures="0" timestamp="14 Jul 2015 06:22:46 GMT" time="30.268" errors="0">
  <testcase name="TC_CategoryManager_012" time="15.539" classname="categorymanager.TM_CategoryManager_002"/>
  <testcase name="TC_CategoryManager_004" time="3.039" classname="categorymanager.TM_CategoryManager_002"/>
  <testcase name="TC_CategoryManager_003" time="11.690" classname="categorymanager.TM_CategoryManager_002"/>
</testsuite> <!-- categorymanager.TM_CategoryManager_002 -->
