<?xml version="1.0" encoding="UTF-8"?>
<!-- Generated by org.testng.reporters.JUnitReportReporter -->
<testsuite hostname="LGDN-PC" name="bannerclients.TM_BannerClient_001" tests="4" failures="0" timestamp="14 Jul 2015 06:22:46 GMT" time="16.759" errors="0">
  <testcase name="TC_BannerClient_003" time="1.050" classname="bannerclients.TM_BannerClient_001"/>
  <testcase name="TC_BannerClient_007" time="6.160" classname="bannerclients.TM_BannerClient_001"/>
  <testcase name="TC_BannerClient_001" time="7.757" classname="bannerclients.TM_BannerClient_001"/>
  <testcase name="TC_BannerClient_005" time="1.792" classname="bannerclients.TM_BannerClient_001"/>
</testsuite> <!-- bannerclients.TM_BannerClient_001 -->
