<?xml version="1.0" encoding="UTF-8"?>
<!-- Generated by org.testng.reporters.JUnitReportReporter -->
<testsuite hostname="LGDN-PC" name="weblinks.TM_Weblink_002" tests="2" failures="0" timestamp="14 Jul 2015 06:22:46 GMT" time="12.327" errors="0">
  <testcase name="TC_Weblink_007" time="2.774" classname="weblinks.TM_Weblink_002"/>
  <testcase name="TC_Weblink_003" time="9.553" classname="weblinks.TM_Weblink_002"/>
</testsuite> <!-- weblinks.TM_Weblink_002 -->
