<?xml version="1.0" encoding="UTF-8"?>
<!-- Generated by org.testng.reporters.JUnitReportReporter -->
<testsuite hostname="HOANGNAM-VAIO" name="article.TM_Article_002" tests="1" failures="0" timestamp="20 Jul 2015 15:33:25 GMT" time="43.921" errors="0">
  <testcase name="TC_Article_005" time="43.921" classname="article.TM_Article_002"/>
</testsuite> <!-- article.TM_Article_002 -->
