<?xml version="1.0" encoding="UTF-8"?>
<!-- Generated by org.testng.reporters.JUnitReportReporter -->
<testsuite hostname="HOANGNAM-VAIO" name="banners.TM_Banners_004" tests="1" failures="0" timestamp="19 Jul 2015 09:39:29 GMT" time="83.725" errors="0">
  <testcase name="TC_Banner_010" time="83.725" classname="banners.TM_Banners_004"/>
</testsuite> <!-- banners.TM_Banners_004 -->
