<?xml version="1.0" encoding="UTF-8"?>
<!-- Generated by org.testng.reporters.JUnitReportReporter -->
<testsuite hostname="HOANGNAM-VAIO" name="categorymanager.TM_CategoryManager_003" tests="1" failures="0" timestamp="14 Jul 2015 00:24:54 GMT" time="23.307" errors="0">
  <testcase name="TC_CategoryManager_010" time="23.307" classname="categorymanager.TM_CategoryManager_003"/>
</testsuite> <!-- categorymanager.TM_CategoryManager_003 -->
