<?xml version="1.0" encoding="UTF-8"?>
<!-- Generated by org.testng.reporters.JUnitReportReporter -->
<testsuite hostname="HOANGNAM-VAIO" name="article.TM_Article_003" tests="2" failures="0" timestamp="21 Jul 2015 00:21:27 GMT" time="42.253" errors="0">
  <testcase name="TC_Article_007" time="12.000" classname="article.TM_Article_003"/>
  <testcase name="TC_Article_004" time="30.253" classname="article.TM_Article_003"/>
</testsuite> <!-- article.TM_Article_003 -->
