<?xml version="1.0" encoding="UTF-8"?>
<!-- Generated by org.testng.reporters.JUnitReportReporter -->
<testsuite hostname="HOANGNAM-VAIO" name="categorymanager.TM_CategoryManager_001" tests="4" failures="0" timestamp="14 Jul 2015 00:24:54 GMT" time="39.566" errors="0">
  <testcase name="TC_CategoryManager_002" time="9.704" classname="categorymanager.TM_CategoryManager_001"/>
  <testcase name="TC_CategoryManager_006" time="7.782" classname="categorymanager.TM_CategoryManager_001"/>
  <testcase name="TC_CategoryManager_005" time="5.545" classname="categorymanager.TM_CategoryManager_001"/>
  <testcase name="TC_CategoryManager_001" time="16.535" classname="categorymanager.TM_CategoryManager_001"/>
</testsuite> <!-- categorymanager.TM_CategoryManager_001 -->
