<?xml version="1.0" encoding="UTF-8"?>
<!-- Generated by org.testng.reporters.JUnitReportReporter -->
<testsuite hostname="HOANGNAM-VAIO" name="banners.TM_Banners_003" tests="3" failures="0" timestamp="14 Jul 2015 00:24:54 GMT" time="56.730" errors="0">
  <testcase name="TC_Banner_007" time="7.855" classname="banners.TM_Banners_003"/>
  <testcase name="TC_Banner_003" time="39.268" classname="banners.TM_Banners_003"/>
  <testcase name="TC_Banner_006" time="9.607" classname="banners.TM_Banners_003"/>
</testsuite> <!-- banners.TM_Banners_003 -->
