<?xml version="1.0" encoding="UTF-8"?>
<!-- Generated by org.testng.reporters.JUnitReportReporter -->
<testsuite hostname="LGDN-PC" name="weblinks.TM_Weblink_003" tests="2" failures="0" timestamp="14 Jul 2015 06:22:46 GMT" time="13.466" errors="0">
  <testcase name="TC_Weblink_005" time="4.800" classname="weblinks.TM_Weblink_003"/>
  <testcase name="TC_Weblink_004" time="8.666" classname="weblinks.TM_Weblink_003"/>
</testsuite> <!-- weblinks.TM_Weblink_003 -->
