<?xml version="1.0" encoding="UTF-8"?>
<!-- Generated by org.testng.reporters.JUnitReportReporter -->
<testsuite hostname="LGDN-PC" name="bannerclients.TM_BannerClient_001" tests="8" failures="0" timestamp="30 Jul 2015 01:35:47 GMT" time="51.001" errors="0">
  <testcase name="TC_JOOMLA_BANNERS_CLIENTS_014" time="12.301" classname="bannerclients.TM_BannerClient_001"/>
  <testcase name="TC_JOOMLA_BANNERS_CLIENTS_003" time="0.984" classname="bannerclients.TM_BannerClient_001"/>
  <testcase name="TC_JOOMLA_BANNERS_CLIENTS_015" time="12.240" classname="bannerclients.TM_BannerClient_001"/>
  <testcase name="TC_JOOMLA_BANNERS_CLIENTS_009" time="4.383" classname="bannerclients.TM_BannerClient_001"/>
  <testcase name="TC_JOOMLA_BANNERS_CLIENTS_008" time="1.394" classname="bannerclients.TM_BannerClient_001"/>
  <testcase name="TC_JOOMLA_BANNERS_CLIENTS_007" time="5.396" classname="bannerclients.TM_BannerClient_001"/>
  <testcase name="TC_JOOMLA_BANNERS_CLIENTS_001" time="12.705" classname="bannerclients.TM_BannerClient_001"/>
  <testcase name="TC_JOOMLA_BANNERS_CLIENTS_005" time="1.598" classname="bannerclients.TM_BannerClient_001"/>
</testsuite> <!-- bannerclients.TM_BannerClient_001 -->
