<?xml version="1.0" encoding="UTF-8"?>
<!-- Generated by org.testng.reporters.JUnitReportReporter -->
<testsuite hostname="HOANGNAM-VAIO" name="categorymanager.TM_CategoryManager_002" tests="3" failures="0" timestamp="23 Jul 2015 04:20:35 GMT" time="49.901" errors="0">
  <testcase name="TC_CategoryManager_004" time="9.043" classname="categorymanager.TM_CategoryManager_002"/>
  <testcase name="TC_CategoryManager_003" time="20.929" classname="categorymanager.TM_CategoryManager_002"/>
  <testcase name="TC_CategoryManager_012" time="19.929" classname="categorymanager.TM_CategoryManager_002"/>
</testsuite> <!-- categorymanager.TM_CategoryManager_002 -->
