<?xml version="1.0" encoding="UTF-8"?>
<!-- Generated by org.testng.reporters.JUnitReportReporter -->
<testsuite hostname="HOANGNAM-VAIO" name="weblinks.TM_Weblink_005" tests="2" failures="0" timestamp="14 Jul 2015 00:24:54 GMT" time="37.966" errors="0">
  <testcase name="TC_Weblink_015" time="24.255" classname="weblinks.TM_Weblink_005"/>
  <testcase name="TC_Weblink_016" time="13.711" classname="weblinks.TM_Weblink_005"/>
</testsuite> <!-- weblinks.TM_Weblink_005 -->
