<?xml version="1.0" encoding="UTF-8"?>
<!-- Generated by org.testng.reporters.JUnitReportReporter -->
<testsuite hostname="LGDN-PC" name="article.TM_Article_003" tests="2" failures="0" timestamp="14 Jul 2015 06:22:46 GMT" time="17.528" errors="0">
  <testcase name="TC_Article_004" time="13.633" classname="article.TM_Article_003"/>
  <testcase name="TC_Article_007" time="3.895" classname="article.TM_Article_003"/>
</testsuite> <!-- article.TM_Article_003 -->
