<?xml version="1.0" encoding="UTF-8"?>
<!-- Generated by org.testng.reporters.JUnitReportReporter -->
<testsuite hostname="HOANGNAM-VAIO" name="article.TM_Article_001" tests="3" failures="0" timestamp="23 Jul 2015 04:20:35 GMT" time="54.528" errors="0">
  <testcase name="TC_Article_001" time="20.763" classname="article.TM_Article_001"/>
  <testcase name="TC_Article_002" time="15.046" classname="article.TM_Article_001"/>
  <testcase name="TC_Article_009" time="18.719" classname="article.TM_Article_001"/>
</testsuite> <!-- article.TM_Article_001 -->
