<?xml version="1.0" encoding="UTF-8"?>
<!-- Generated by org.testng.reporters.JUnitReportReporter -->
<testsuite hostname="LGDN-PC" name="contacts.TM_Contact_002" tests="3" failures="0" timestamp="14 Jul 2015 06:22:46 GMT" time="11.620" errors="0">
  <testcase name="TC_Contact_007" time="2.005" classname="contacts.TM_Contact_002"/>
  <testcase name="TC_Contact_004" time="1.163" classname="contacts.TM_Contact_002"/>
  <testcase name="TC_Contact_003" time="8.452" classname="contacts.TM_Contact_002"/>
</testsuite> <!-- contacts.TM_Contact_002 -->
