<?xml version="1.0" encoding="UTF-8"?>
<!-- Generated by org.testng.reporters.JUnitReportReporter -->
<testsuite hostname="HOANGNAM-VAIO" name="article.TM_Article_004" tests="2" failures="0" timestamp="20 Jul 2015 15:33:25 GMT" time="36.544" errors="0">
  <testcase name="TC_Article_003" time="29.043" classname="article.TM_Article_004"/>
  <testcase name="TC_Article_015" time="7.501" classname="article.TM_Article_004"/>
</testsuite> <!-- article.TM_Article_004 -->
