<?xml version="1.0" encoding="UTF-8"?>
<!-- Generated by org.testng.reporters.JUnitReportReporter -->
<testsuite hostname="HOANGNAM-VAIO" name="banners.TM_Banners_003" tests="3" failures="0" timestamp="21 Jul 2015 00:21:27 GMT" time="65.919" errors="0">
  <testcase name="TC_Banner_007" time="7.293" classname="banners.TM_Banners_003"/>
  <testcase name="TC_Banner_006" time="11.243" classname="banners.TM_Banners_003"/>
  <testcase name="TC_Banner_003" time="47.383" classname="banners.TM_Banners_003"/>
</testsuite> <!-- banners.TM_Banners_003 -->
