<?xml version="1.0" encoding="UTF-8"?>
<!-- Generated by org.testng.reporters.JUnitReportReporter -->
<testsuite hostname="HOANGNAM-VAIO" name="banners.TM_Banners_007" tests="2" failures="0" timestamp="23 Jul 2015 04:20:35 GMT" time="60.941" errors="0">
  <testcase name="TC_Banners_012" time="11.306" classname="banners.TM_Banners_007"/>
  <testcase name="TC_Banner_013" time="49.635" classname="banners.TM_Banners_007"/>
</testsuite> <!-- banners.TM_Banners_007 -->
