<?xml version="1.0" encoding="UTF-8"?>
<!-- Generated by org.testng.reporters.JUnitReportReporter -->
<testsuite hostname="LGDN-PC" name="banners.TM_Banners_003" tests="3" failures="0" timestamp="14 Jul 2015 06:22:47 GMT" time="39.064" errors="0">
  <testcase name="TC_Banner_003" time="22.572" classname="banners.TM_Banners_003"/>
  <testcase name="TC_Banner_006" time="7.594" classname="banners.TM_Banners_003"/>
  <testcase name="TC_Banner_007" time="8.898" classname="banners.TM_Banners_003"/>
</testsuite> <!-- banners.TM_Banners_003 -->
