<?xml version="1.0" encoding="UTF-8"?>
<!-- Generated by org.testng.reporters.JUnitReportReporter -->
<testsuite hostname="ANDONGNHI" name="weblinks.TM_Weblink_002" tests="2" failures="0" timestamp="27 Jul 2015 15:35:24 GMT" time="30.393" errors="0">
  <testcase name="TC_Weblink_007" time="7.510" classname="weblinks.TM_Weblink_002"/>
  <testcase name="TC_Weblink_003" time="22.883" classname="weblinks.TM_Weblink_002"/>
</testsuite> <!-- weblinks.TM_Weblink_002 -->
