<?xml version="1.0" encoding="UTF-8"?>
<!-- Generated by org.testng.reporters.JUnitReportReporter -->
<testsuite hostname="HOANGNAM-VAIO" name="banners.TM_Banners_001" tests="3" failures="0" timestamp="21 Jul 2015 00:21:27 GMT" time="57.862" errors="0">
  <testcase name="TC_Banner_001" time="43.735" classname="banners.TM_Banners_001"/>
  <testcase name="TC_Banner_008" time="2.730" classname="banners.TM_Banners_001"/>
  <testcase name="TC_Banner_004" time="11.397" classname="banners.TM_Banners_001"/>
</testsuite> <!-- banners.TM_Banners_001 -->
