<?xml version="1.0" encoding="UTF-8"?>
<!-- Generated by org.testng.reporters.JUnitReportReporter -->
<testsuite hostname="HOANGNAM-VAIO" name="article.TM_Article_002" tests="2" failures="0" timestamp="23 Jul 2015 16:01:54 GMT" time="61.084" errors="0">
  <testcase name="TC_Article_005" time="32.870" classname="article.TM_Article_002"/>
  <testcase name="TC_Article_011" time="28.214" classname="article.TM_Article_002"/>
</testsuite> <!-- article.TM_Article_002 -->
