<?xml version="1.0" encoding="UTF-8"?>
<!-- Generated by org.testng.reporters.JUnitReportReporter -->
<testsuite hostname="HOANGNAM-VAIO" name="banners.TM_Banners_002" tests="2" failures="0" timestamp="21 Jul 2015 00:21:27 GMT" time="61.949" errors="0">
  <testcase name="TC_Banner_002" time="50.120" classname="banners.TM_Banners_002"/>
  <testcase name="TC_Banner_005" time="11.829" classname="banners.TM_Banners_002"/>
</testsuite> <!-- banners.TM_Banners_002 -->
