<?xml version="1.0" encoding="UTF-8"?>
<!-- Generated by org.testng.reporters.JUnitReportReporter -->
<testsuite hostname="HOANGNAM-VAIO" name="categorymanager.TM_CategoryManager_004" tests="1" failures="0" timestamp="14 Jul 2015 00:24:54 GMT" time="18.583" errors="0">
  <testcase name="TC_CategoryManager_013" time="18.583" classname="categorymanager.TM_CategoryManager_004"/>
</testsuite> <!-- categorymanager.TM_CategoryManager_004 -->
