<?xml version="1.0" encoding="UTF-8"?>
<!-- Generated by org.testng.reporters.JUnitReportReporter -->
<testsuite hostname="LGDN-PC" name="article.TM_Article_005" tests="2" failures="0" timestamp="30 Jul 2015 01:35:47 GMT" time="55.828" errors="0">
  <testcase name="TC_JOOMLA_Article_006" time="50.060" classname="article.TM_Article_005"/>
  <testcase name="TC_JOOMLA_Article_008" time="5.768" classname="article.TM_Article_005"/>
</testsuite> <!-- article.TM_Article_005 -->
