<?xml version="1.0" encoding="UTF-8"?>
<!-- Generated by org.testng.reporters.JUnitReportReporter -->
<testsuite hostname="HOANGNAM-VAIO" name="article.TM_Article_005" tests="2" failures="0" timestamp="21 Jul 2015 00:21:27 GMT" time="62.560" errors="0">
  <testcase name="TC_Article_008" time="4.114" classname="article.TM_Article_005"/>
  <testcase name="TC_Article_006" time="58.446" classname="article.TM_Article_005"/>
</testsuite> <!-- article.TM_Article_005 -->
