<?xml version="1.0" encoding="UTF-8"?>
<!-- Generated by org.testng.reporters.JUnitReportReporter -->
<testsuite hostname="HOANGNAM-VAIO" name="banners.TM_Banners_003" tests="3" failures="0" timestamp="18 Jul 2015 06:49:24 GMT" time="59.382" errors="0">
  <testcase name="TC_Banner_003" time="41.468" classname="banners.TM_Banners_003"/>
  <testcase name="TC_Banner_006" time="10.075" classname="banners.TM_Banners_003"/>
  <testcase name="TC_Banner_007" time="7.839" classname="banners.TM_Banners_003"/>
</testsuite> <!-- banners.TM_Banners_003 -->
