<?xml version="1.0" encoding="UTF-8"?>
<!-- Generated by org.testng.reporters.JUnitReportReporter -->
<testsuite hostname="LGDN-PC" name="article.TM_Article_002" tests="2" failures="0" timestamp="30 Jul 2015 01:35:46 GMT" time="45.123" errors="0">
  <testcase name="TC_JOOMLA_Article_011" time="25.872" classname="article.TM_Article_002"/>
  <testcase name="TC_JOOMLA_Article_005" time="19.251" classname="article.TM_Article_002"/>
</testsuite> <!-- article.TM_Article_002 -->
