<?xml version="1.0" encoding="UTF-8"?>
<!-- Generated by org.testng.reporters.JUnitReportReporter -->
<testsuite hostname="HOANGNAM-VAIO" name="banners.TM_Banners_001" tests="2" failures="0" timestamp="14 Jul 2015 00:24:54 GMT" time="46.478" errors="0">
  <testcase name="TC_Banner_004" time="9.812" classname="banners.TM_Banners_001"/>
  <testcase name="TC_Banner_001" time="36.666" classname="banners.TM_Banners_001"/>
</testsuite> <!-- banners.TM_Banners_001 -->
