<?xml version="1.0" encoding="UTF-8"?>
<!-- Generated by org.testng.reporters.JUnitReportReporter -->
<testsuite hostname="LGDN-PC" name="bannerclients.TM_BannerClient_003" tests="4" failures="0" timestamp="30 Jul 2015 01:35:46 GMT" time="49.333" errors="0">
  <testcase name="TC_JOOMLA_BANNERS_CLIENTS_011" time="6.280" classname="bannerclients.TM_BannerClient_003"/>
  <testcase name="TC_JOOMLA_BANNERS_CLIENTS_013" time="6.116" classname="bannerclients.TM_BannerClient_003"/>
  <testcase name="TC_JOOMLA_BANNERS_CLIENTS_010" time="31.068" classname="bannerclients.TM_BannerClient_003"/>
  <testcase name="TC_JOOMLA_BANNERS_CLIENTS_012" time="5.869" classname="bannerclients.TM_BannerClient_003"/>
</testsuite> <!-- bannerclients.TM_BannerClient_003 -->
