<?xml version="1.0" encoding="UTF-8"?>
<!-- Generated by org.testng.reporters.JUnitReportReporter -->
<testsuite hostname="HOANGNAM-VAIO" name="banners.TM_Banners_003" tests="3" failures="0" timestamp="18 Jul 2015 14:56:41 GMT" time="66.738" errors="0">
  <testcase name="TC_Banner_003" time="43.626" classname="banners.TM_Banners_003"/>
  <testcase name="TC_Banner_006" time="11.378" classname="banners.TM_Banners_003"/>
  <testcase name="TC_Banner_007" time="11.734" classname="banners.TM_Banners_003"/>
</testsuite> <!-- banners.TM_Banners_003 -->
