<?xml version="1.0" encoding="UTF-8"?>
<!-- Generated by org.testng.reporters.JUnitReportReporter -->
<testsuite hostname="HOANGNAM-VAIO" name="article.TM_Article_004" tests="2" failures="0" timestamp="21 Jul 2015 00:21:27 GMT" time="36.987" errors="0">
  <testcase name="TC_Article_003" time="29.323" classname="article.TM_Article_004"/>
  <testcase name="TC_Article_015" time="7.664" classname="article.TM_Article_004"/>
</testsuite> <!-- article.TM_Article_004 -->
