<?xml version="1.0" encoding="UTF-8"?>
<!-- Generated by org.testng.reporters.JUnitReportReporter -->
<testsuite hostname="HOANGNAM-VAIO" name="banners.TM_Banners_003" tests="3" failures="0" timestamp="20 Jul 2015 15:33:25 GMT" time="80.077" errors="0">
  <testcase name="TC_Banner_003" time="45.864" classname="banners.TM_Banners_003"/>
  <testcase name="TC_Banner_007" time="22.434" classname="banners.TM_Banners_003"/>
  <testcase name="TC_Banner_006" time="11.779" classname="banners.TM_Banners_003"/>
</testsuite> <!-- banners.TM_Banners_003 -->
