<?xml version="1.0" encoding="UTF-8"?>
<!-- Generated by org.testng.reporters.JUnitReportReporter -->
<testsuite hostname="HOANGNAM-VAIO" name="banners.TM_Banners_006" tests="1" failures="0" timestamp="21 Jul 2015 00:21:27 GMT" time="52.594" errors="0">
  <testcase name="TC_Banner_011" time="52.594" classname="banners.TM_Banners_006"/>
</testsuite> <!-- banners.TM_Banners_006 -->
