<?xml version="1.0" encoding="UTF-8"?>
<!-- Generated by org.testng.reporters.JUnitReportReporter -->
<testsuite hostname="LGDN-PC" name="article.TM_Article_003" tests="2" failures="0" timestamp="30 Jul 2015 01:35:47 GMT" time="23.770" errors="0">
  <testcase name="TC_JOOMLA_Article_007" time="3.986" classname="article.TM_Article_003"/>
  <testcase name="TC_JOOMLA_Article_004" time="19.784" classname="article.TM_Article_003"/>
</testsuite> <!-- article.TM_Article_003 -->
