<?xml version="1.0" encoding="UTF-8"?>
<!-- Generated by org.testng.reporters.JUnitReportReporter -->
<testsuite hostname="ANDONGNHI" name="weblinks.TM_Weblink_001" tests="6" failures="0" timestamp="27 Jul 2015 14:53:06 GMT" time="102.217" errors="0">
  <testcase name="TC_Weblink_009" time="4.230" classname="weblinks.TM_Weblink_001"/>
  <testcase name="TC_Weblink_002" time="13.289" classname="weblinks.TM_Weblink_001"/>
  <testcase name="TC_Weblink_008" time="22.663" classname="weblinks.TM_Weblink_001"/>
  <testcase name="TC_Weblink_010" time="16.580" classname="weblinks.TM_Weblink_001"/>
  <testcase name="TC_Weblink_001" time="17.748" classname="weblinks.TM_Weblink_001"/>
  <testcase name="TC_Weblink_011" time="27.707" classname="weblinks.TM_Weblink_001"/>
</testsuite> <!-- weblinks.TM_Weblink_001 -->
