<?xml version="1.0" encoding="UTF-8"?>
<!-- Generated by org.testng.reporters.JUnitReportReporter -->
<testsuite hostname="HOANGNAM-VAIO" name="article.TM_Article_003" tests="2" failures="0" timestamp="20 Jul 2015 15:33:25 GMT" time="48.426" errors="0">
  <testcase name="TC_Article_007" time="11.361" classname="article.TM_Article_003"/>
  <testcase name="TC_Article_004" time="37.065" classname="article.TM_Article_003"/>
</testsuite> <!-- article.TM_Article_003 -->
