<?xml version="1.0" encoding="UTF-8"?>
<!-- Generated by org.testng.reporters.JUnitReportReporter -->
<testsuite hostname="HOANGNAM-VAIO" name="article.TM_Article_006" tests="2" failures="0" timestamp="23 Jul 2015 04:20:35 GMT" time="24.905" errors="0">
  <testcase name="TC_Articles_016" time="6.757" classname="article.TM_Article_006"/>
  <testcase name="TC_Article_017" time="18.148" classname="article.TM_Article_006"/>
</testsuite> <!-- article.TM_Article_006 -->
