<?xml version="1.0" encoding="UTF-8"?>
<!-- Generated by org.testng.reporters.JUnitReportReporter -->
<testsuite hostname="HOANGNAM-VAIO" name="weblinks.TM_Weblink_003" tests="2" failures="0" timestamp="14 Jul 2015 00:24:54 GMT" time="33.951" errors="0">
  <testcase name="TC_Weblink_005" time="13.570" classname="weblinks.TM_Weblink_003"/>
  <testcase name="TC_Weblink_004" time="20.381" classname="weblinks.TM_Weblink_003"/>
</testsuite> <!-- weblinks.TM_Weblink_003 -->
