<?xml version="1.0" encoding="UTF-8"?>
<!-- Generated by org.testng.reporters.JUnitReportReporter -->
<testsuite hostname="HOANGNAM-VAIO" name="banners.TM_Banners_008" tests="2" failures="0" timestamp="23 Jul 2015 09:19:17 GMT" time="42.042" errors="0">
  <testcase name="TC_Banner_014" time="37.485" classname="banners.TM_Banners_008"/>
  <testcase name="TC_Banner_015" time="4.557" classname="banners.TM_Banners_008"/>
</testsuite> <!-- banners.TM_Banners_008 -->
