<?xml version="1.0" encoding="UTF-8"?>
<!-- Generated by org.testng.reporters.JUnitReportReporter -->
<testsuite hostname="HOANGNAM-VAIO" name="banners.TM_Banners_004" tests="1" failures="0" timestamp="20 Jul 2015 15:33:25 GMT" time="74.115" errors="0">
  <testcase name="TC_Banner_010" time="74.115" classname="banners.TM_Banners_004"/>
</testsuite> <!-- banners.TM_Banners_004 -->
