<?xml version="1.0" encoding="UTF-8"?>
<!-- Generated by org.testng.reporters.JUnitReportReporter -->
<testsuite hostname="HOANGNAM-VAIO" name="contacts.TM_Contact_001" tests="3" failures="0" timestamp="14 Jul 2015 00:24:54 GMT" time="38.399" errors="0">
  <testcase name="TC_Contact_005" time="11.414" classname="contacts.TM_Contact_001"/>
  <testcase name="TC_Contact_002" time="9.716" classname="contacts.TM_Contact_001"/>
  <testcase name="TC_Contact_001" time="17.269" classname="contacts.TM_Contact_001"/>
</testsuite> <!-- contacts.TM_Contact_001 -->
