<?xml version="1.0" encoding="UTF-8"?>
<!-- Generated by org.testng.reporters.JUnitReportReporter -->
<testsuite hostname="ANDONGNHI" name="bannerclients.TM_BannerClient_001" tests="8" failures="0" timestamp="27 Jul 2015 14:53:06 GMT" time="94.024" errors="0">
  <testcase name="TC_BannerClient_003" time="3.420" classname="bannerclients.TM_BannerClient_001"/>
  <testcase name="TC_BannerClient_001" time="16.762" classname="bannerclients.TM_BannerClient_001"/>
  <testcase name="TC_BannerClient_005" time="5.280" classname="bannerclients.TM_BannerClient_001"/>
  <testcase name="TC_BannerClient_009" time="11.033" classname="bannerclients.TM_BannerClient_001"/>
  <testcase name="TC_BannerClient_008" time="3.910" classname="bannerclients.TM_BannerClient_001"/>
  <testcase name="TC_BannerClient_015" time="17.107" classname="bannerclients.TM_BannerClient_001"/>
  <testcase name="TC_BannerClient_007" time="19.300" classname="bannerclients.TM_BannerClient_001"/>
  <testcase name="TC_BannerClient_014" time="17.212" classname="bannerclients.TM_BannerClient_001"/>
</testsuite> <!-- bannerclients.TM_BannerClient_001 -->
