<?xml version="1.0" encoding="UTF-8"?>
<!-- Generated by org.testng.reporters.JUnitReportReporter -->
<testsuite hostname="HOANGNAM-VAIO" name="article.TM_Article_005" tests="2" failures="0" timestamp="18 Jul 2015 06:11:59 GMT" time="93.883" errors="0">
  <testcase name="TC_Article_008" time="42.973" classname="article.TM_Article_005"/>
  <testcase name="TC_Article_006" time="50.910" classname="article.TM_Article_005"/>
</testsuite> <!-- article.TM_Article_005 -->
