<?xml version="1.0" encoding="UTF-8"?>
<!-- Generated by org.testng.reporters.JUnitReportReporter -->
<testsuite hostname="HOANGNAM-VAIO" name="article.TM_Article_003" tests="2" failures="0" timestamp="14 Jul 2015 00:24:54 GMT" time="34.573" errors="0">
  <testcase name="TC_Article_007" time="9.657" classname="article.TM_Article_003"/>
  <testcase name="TC_Article_004" time="24.916" classname="article.TM_Article_003"/>
</testsuite> <!-- article.TM_Article_003 -->
