<?xml version="1.0" encoding="UTF-8"?>
<!-- Generated by org.testng.reporters.JUnitReportReporter -->
<testsuite hostname="HOANGNAM-VAIO" name="article.TM_Article_004" tests="2" failures="0" timestamp="14 Jul 2015 00:24:54 GMT" time="31.600" errors="0">
  <testcase name="TC_Article_003" time="25.061" classname="article.TM_Article_004"/>
  <testcase name="TC_Article_015" time="6.539" classname="article.TM_Article_004"/>
</testsuite> <!-- article.TM_Article_004 -->
