<?xml version="1.0" encoding="UTF-8"?>
<!-- Generated by org.testng.reporters.JUnitReportReporter -->
<testsuite hostname="HOANGNAM-VAIO" name="article.TM_Article_006" tests="2" failures="0" timestamp="19 Jul 2015 16:22:15 GMT" time="26.032" errors="0">
  <testcase name="TC_Article_016" time="6.757" classname="article.TM_Article_006"/>
  <testcase name="TC_Article_017" time="19.275" classname="article.TM_Article_006"/>
</testsuite> <!-- article.TM_Article_006 -->
