<?xml version="1.0" encoding="UTF-8"?>
<!-- Generated by org.testng.reporters.JUnitReportReporter -->
<testsuite hostname="HOANGNAM-VAIO" name="article.TM_Article_003" tests="3" failures="0" timestamp="23 Jul 2015 15:52:43 GMT" time="63.289" errors="0">
  <testcase name="TC_Article_007" time="9.883" classname="article.TM_Article_003"/>
  <testcase name="TC_Article_011" time="27.963" classname="article.TM_Article_003"/>
  <testcase name="TC_Article_004" time="25.443" classname="article.TM_Article_003"/>
</testsuite> <!-- article.TM_Article_003 -->
