<?xml version="1.0" encoding="UTF-8"?>
<!-- Generated by org.testng.reporters.JUnitReportReporter -->
<testsuite hostname="LGDN-PC" name="categorymanager.TM_CategoryManager_002" tests="4" failures="0" timestamp="30 Jul 2015 01:35:47 GMT" time="47.293" errors="0">
  <testcase name="TC_JOOMLA_CategoryManager_008" time="9.510" classname="categorymanager.TM_CategoryManager_002"/>
  <testcase name="TC_JOOMLA_CategoryManager_012" time="18.909" classname="categorymanager.TM_CategoryManager_002"/>
  <testcase name="TC_JOOMLA_CategoryManager_003" time="14.894" classname="categorymanager.TM_CategoryManager_002"/>
  <testcase name="TC_JOOMLA_CategoryManager_004" time="3.980" classname="categorymanager.TM_CategoryManager_002"/>
</testsuite> <!-- categorymanager.TM_CategoryManager_002 -->
