<?xml version="1.0" encoding="UTF-8"?>
<!-- Generated by org.testng.reporters.JUnitReportReporter -->
<testsuite hostname="ANDONGNHI" name="weblinks.TM_Weblink_004" tests="5" failures="0" timestamp="27 Jul 2015 14:53:06 GMT" time="106.759" errors="0">
  <testcase name="TC_Weblink_014" time="22.731" classname="weblinks.TM_Weblink_004"/>
  <testcase name="TC_Weblink_006" time="47.132" classname="weblinks.TM_Weblink_004"/>
  <testcase name="TC_Weblink_012" time="6.630" classname="weblinks.TM_Weblink_004"/>
  <testcase name="TC_Weblink_016" time="13.300" classname="weblinks.TM_Weblink_004"/>
  <testcase name="TC_Weblink_015" time="16.966" classname="weblinks.TM_Weblink_004"/>
</testsuite> <!-- weblinks.TM_Weblink_004 -->
