<?xml version="1.0" encoding="UTF-8"?>
<!-- Generated by org.testng.reporters.JUnitReportReporter -->
<testsuite hostname="HOANGNAM-VAIO" name="banners.TM_Banners_004" tests="1" failures="0" timestamp="21 Jul 2015 00:21:27 GMT" time="76.526" errors="0">
  <testcase name="TC_Banner_010" time="76.526" classname="banners.TM_Banners_004"/>
</testsuite> <!-- banners.TM_Banners_004 -->
