<?xml version="1.0" encoding="UTF-8"?>
<!-- Generated by org.testng.reporters.JUnitReportReporter -->
<testsuite hostname="HOANGNAM-VAIO" name="categorymanager.TM_CategoryManager_001" tests="4" failures="0" timestamp="23 Jul 2015 04:20:35 GMT" time="41.462" errors="0">
  <testcase name="TC_CategoryManager_006" time="8.287" classname="categorymanager.TM_CategoryManager_001"/>
  <testcase name="TC_CategoryManager_005" time="6.182" classname="categorymanager.TM_CategoryManager_001"/>
  <testcase name="TC_CategoryManager_002" time="9.868" classname="categorymanager.TM_CategoryManager_001"/>
  <testcase name="TC_CategoryManager_001" time="17.125" classname="categorymanager.TM_CategoryManager_001"/>
</testsuite> <!-- categorymanager.TM_CategoryManager_001 -->
