<?xml version="1.0" encoding="UTF-8"?>
<!-- Generated by org.testng.reporters.JUnitReportReporter -->
<testsuite hostname="HOANGNAM-VAIO" name="article.TM_Article_005" tests="2" failures="0" timestamp="20 Jul 2015 15:33:25 GMT" time="56.265" errors="0">
  <testcase name="TC_Article_008" time="4.733" classname="article.TM_Article_005"/>
  <testcase name="TC_Article_006" time="51.532" classname="article.TM_Article_005"/>
</testsuite> <!-- article.TM_Article_005 -->
