<?xml version="1.0" encoding="UTF-8"?>
<!-- Generated by org.testng.reporters.JUnitReportReporter -->
<testsuite hostname="HOANGNAM-VAIO" name="article.TM_Article_004" tests="2" failures="0" timestamp="23 Jul 2015 04:20:35 GMT" time="33.427" errors="0">
  <testcase name="TC_Article_015" time="7.105" classname="article.TM_Article_004"/>
  <testcase name="TC_Article_003" time="26.322" classname="article.TM_Article_004"/>
</testsuite> <!-- article.TM_Article_004 -->
