<?xml version="1.0" encoding="UTF-8"?>
<!-- Generated by org.testng.reporters.JUnitReportReporter -->
<testsuite hostname="ANDONGNHI" name="bannerclients.TM_BannerClient_003" tests="4" failures="0" timestamp="27 Jul 2015 14:53:06 GMT" time="107.263" errors="0">
  <testcase name="TC_BannerClient_012" time="30.760" classname="bannerclients.TM_BannerClient_003"/>
  <testcase name="TC_BannerClient_010" time="47.065" classname="bannerclients.TM_BannerClient_003"/>
  <testcase name="TC_BannerClient_011" time="14.680" classname="bannerclients.TM_BannerClient_003"/>
  <testcase name="TC_BannerClient_013" time="14.758" classname="bannerclients.TM_BannerClient_003"/>
</testsuite> <!-- bannerclients.TM_BannerClient_003 -->
