<?xml version="1.0" encoding="UTF-8"?>
<!-- Generated by org.testng.reporters.JUnitReportReporter -->
<testsuite hostname="HOANGNAM-VAIO" name="article.TM_Article_003" tests="2" failures="0" timestamp="23 Jul 2015 04:20:35 GMT" time="36.104" errors="0">
  <testcase name="TC_Article_007" time="10.300" classname="article.TM_Article_003"/>
  <testcase name="TC_Article_004" time="25.804" classname="article.TM_Article_003"/>
</testsuite> <!-- article.TM_Article_003 -->
