<?xml version="1.0" encoding="UTF-8"?>
<!-- Generated by org.testng.reporters.JUnitReportReporter -->
<testsuite hostname="LGDN-PC" name="categorymanager.TM_CategoryManager_004" tests="1" failures="0" timestamp="14 Jul 2015 06:22:46 GMT" time="18.181" errors="0">
  <testcase name="TC_CategoryManager_013" time="18.181" classname="categorymanager.TM_CategoryManager_004"/>
</testsuite> <!-- categorymanager.TM_CategoryManager_004 -->
