<?xml version="1.0" encoding="UTF-8"?>
<!-- Generated by org.testng.reporters.JUnitReportReporter -->
<testsuite hostname="HOANGNAM-VAIO" name="weblinks.TM_Weblink_004" tests="2" failures="0" timestamp="14 Jul 2015 00:24:54 GMT" time="29.780" errors="0">
  <testcase name="TC_Weblink_009" time="19.545" classname="weblinks.TM_Weblink_004"/>
  <testcase name="TC_Weblink_010" time="10.235" classname="weblinks.TM_Weblink_004"/>
</testsuite> <!-- weblinks.TM_Weblink_004 -->
