<?xml version="1.0" encoding="UTF-8"?>
<!-- Generated by org.testng.reporters.JUnitReportReporter -->
<testsuite hostname="LGDN-PC" name="article.TM_Article_004" tests="2" failures="0" timestamp="14 Jul 2015 06:22:46 GMT" time="17.345" errors="0">
  <testcase name="TC_Article_003" time="14.994" classname="article.TM_Article_004"/>
  <testcase name="TC_Article_015" time="2.351" classname="article.TM_Article_004"/>
</testsuite> <!-- article.TM_Article_004 -->
