<?xml version="1.0" encoding="UTF-8"?>
<!-- Generated by org.testng.reporters.JUnitReportReporter -->
<testsuite hostname="HOANGNAM-VAIO" name="weblinks.TM_Weblink_007" tests="1" failures="0" timestamp="23 Jul 2015 04:20:35 GMT" time="29.933" errors="0">
  <testcase name="TC_Weblink_014" time="29.933" classname="weblinks.TM_Weblink_007"/>
</testsuite> <!-- weblinks.TM_Weblink_007 -->
