<?xml version="1.0" encoding="UTF-8"?>
<!-- Generated by org.testng.reporters.JUnitReportReporter -->
<testsuite hostname="ANDONGNHI" name="bannerclients.TM_BannerClient_003" tests="4" failures="0" timestamp="27 Jul 2015 15:35:24 GMT" time="88.890" errors="0">
  <testcase name="TC_BannerClient_012" time="13.777" classname="bannerclients.TM_BannerClient_003"/>
  <testcase name="TC_BannerClient_010" time="45.713" classname="bannerclients.TM_BannerClient_003"/>
  <testcase name="TC_BannerClient_011" time="14.740" classname="bannerclients.TM_BannerClient_003"/>
  <testcase name="TC_BannerClient_013" time="14.660" classname="bannerclients.TM_BannerClient_003"/>
</testsuite> <!-- bannerclients.TM_BannerClient_003 -->
