<?xml version="1.0" encoding="UTF-8"?>
<!-- Generated by org.testng.reporters.JUnitReportReporter -->
<testsuite hostname="HOANGNAM-VAIO" name="bannerclients.TM_BannerClient_002" tests="4" failures="0" timestamp="23 Jul 2015 04:20:35 GMT" time="32.729" errors="0">
  <testcase name="TC_BannerClient_002" time="20.986" classname="bannerclients.TM_BannerClient_002"/>
  <testcase name="TC_BannerClient_006" time="5.882" classname="bannerclients.TM_BannerClient_002"/>
  <testcase name="TC_BannerClient_008" time="2.432" classname="bannerclients.TM_BannerClient_002"/>
  <testcase name="TC_BannerClient_004" time="3.429" classname="bannerclients.TM_BannerClient_002"/>
</testsuite> <!-- bannerclients.TM_BannerClient_002 -->
