<?xml version="1.0" encoding="UTF-8"?>
<!-- Generated by org.testng.reporters.JUnitReportReporter -->
<testsuite hostname="LGDN-PC" name="categorymanager.TM_CategoryManager_001" tests="4" failures="0" timestamp="14 Jul 2015 06:22:46 GMT" time="20.819" errors="0">
  <testcase name="TC_CategoryManager_006" time="2.973" classname="categorymanager.TM_CategoryManager_001"/>
  <testcase name="TC_CategoryManager_002" time="5.966" classname="categorymanager.TM_CategoryManager_001"/>
  <testcase name="TC_CategoryManager_001" time="9.386" classname="categorymanager.TM_CategoryManager_001"/>
  <testcase name="TC_CategoryManager_005" time="2.494" classname="categorymanager.TM_CategoryManager_001"/>
</testsuite> <!-- categorymanager.TM_CategoryManager_001 -->
