<?xml version="1.0" encoding="UTF-8"?>
<!-- Generated by org.testng.reporters.JUnitReportReporter -->
<testsuite hostname="HOANGNAM-VAIO" name="banners.TM_Banners_001" tests="3" failures="0" timestamp="20 Jul 2015 15:33:25 GMT" time="60.095" errors="0">
  <testcase name="TC_Banner_008" time="2.815" classname="banners.TM_Banners_001"/>
  <testcase name="TC_Banner_004" time="11.437" classname="banners.TM_Banners_001"/>
  <testcase name="TC_Banner_001" time="45.843" classname="banners.TM_Banners_001"/>
</testsuite> <!-- banners.TM_Banners_001 -->
