<?xml version="1.0" encoding="UTF-8"?>
<!-- Generated by org.testng.reporters.JUnitReportReporter -->
<testsuite hostname="HOANGNAM-VAIO" name="weblinks.TM_Weblink_001" tests="3" failures="0" timestamp="14 Jul 2015 00:24:54 GMT" time="43.018" errors="0">
  <testcase name="TC_Weblink_001" time="17.752" classname="weblinks.TM_Weblink_001"/>
  <testcase name="TC_Weblink_002" time="18.991" classname="weblinks.TM_Weblink_001"/>
  <testcase name="TC_Weblink_008" time="6.275" classname="weblinks.TM_Weblink_001"/>
</testsuite> <!-- weblinks.TM_Weblink_001 -->
