<?xml version="1.0" encoding="UTF-8"?>
<!-- Generated by org.testng.reporters.JUnitReportReporter -->
<testsuite hostname="HOANGNAM-VAIO" name="bannerclients.TM_BannerClient_001" tests="6" failures="0" timestamp="23 Jul 2015 04:20:35 GMT" time="64.574" errors="0">
  <testcase name="TC_BannerClient_005" time="5.485" classname="bannerclients.TM_BannerClient_001"/>
  <testcase name="TC_BannerClient_007" time="3.898" classname="bannerclients.TM_BannerClient_001"/>
  <testcase name="TC_BannerClient_015" time="17.393" classname="bannerclients.TM_BannerClient_001"/>
  <testcase name="TC_BannerClient_001" time="17.016" classname="bannerclients.TM_BannerClient_001"/>
  <testcase name="TC_BannerClient_003" time="3.353" classname="bannerclients.TM_BannerClient_001"/>
  <testcase name="TC_BannerClient_014" time="17.429" classname="bannerclients.TM_BannerClient_001"/>
</testsuite> <!-- bannerclients.TM_BannerClient_001 -->
