<?xml version="1.0" encoding="UTF-8"?>
<!-- Generated by org.testng.reporters.JUnitReportReporter -->
<testsuite hostname="HOANGNAM-VAIO" name="weblinks.TM_Weblink_001" tests="4" failures="0" timestamp="23 Jul 2015 04:20:35 GMT" time="61.611" errors="0">
  <testcase name="TC_Weblink_002" time="13.351" classname="weblinks.TM_Weblink_001"/>
  <testcase name="TC_Weblink_008" time="4.572" classname="weblinks.TM_Weblink_001"/>
  <testcase name="TC_Weblink_011" time="26.200" classname="weblinks.TM_Weblink_001"/>
  <testcase name="TC_Weblink_001" time="17.488" classname="weblinks.TM_Weblink_001"/>
</testsuite> <!-- weblinks.TM_Weblink_001 -->
