<?xml version="1.0" encoding="UTF-8"?>
<!-- Generated by org.testng.reporters.JUnitReportReporter -->
<testsuite hostname="HOANGNAM-VAIO" name="contacts.TM_Contact_002" tests="3" failures="0" timestamp="23 Jul 2015 04:20:35 GMT" time="30.010" errors="0">
  <testcase name="TC_Contact_003" time="20.894" classname="contacts.TM_Contact_002"/>
  <testcase name="TC_Contact_004" time="3.463" classname="contacts.TM_Contact_002"/>
  <testcase name="TC_Contact_007" time="5.653" classname="contacts.TM_Contact_002"/>
</testsuite> <!-- contacts.TM_Contact_002 -->
