<?xml version="1.0" encoding="UTF-8"?>
<!-- Generated by org.testng.reporters.JUnitReportReporter -->
<testsuite hostname="HOANGNAM-VAIO" name="categorymanager.TM_CategoryManager_002" tests="3" failures="0" timestamp="14 Jul 2015 00:24:54 GMT" time="48.441" errors="0">
  <testcase name="TC_CategoryManager_004" time="9.024" classname="categorymanager.TM_CategoryManager_002"/>
  <testcase name="TC_CategoryManager_012" time="19.256" classname="categorymanager.TM_CategoryManager_002"/>
  <testcase name="TC_CategoryManager_003" time="20.161" classname="categorymanager.TM_CategoryManager_002"/>
</testsuite> <!-- categorymanager.TM_CategoryManager_002 -->
