<?xml version="1.0" encoding="UTF-8"?>
<!-- Generated by org.testng.reporters.JUnitReportReporter -->
<testsuite hostname="LGDN-PC" name="weblinks.TM_Weblink_001" tests="3" failures="0" timestamp="14 Jul 2015 06:22:46 GMT" time="22.483" errors="0">
  <testcase name="TC_Weblink_008" time="7.220" classname="weblinks.TM_Weblink_001"/>
  <testcase name="TC_Weblink_002" time="7.870" classname="weblinks.TM_Weblink_001"/>
  <testcase name="TC_Weblink_001" time="7.393" classname="weblinks.TM_Weblink_001"/>
</testsuite> <!-- weblinks.TM_Weblink_001 -->
