<?xml version="1.0" encoding="UTF-8"?>
<!-- Generated by org.testng.reporters.JUnitReportReporter -->
<testsuite hostname="LGDN-PC" name="banners.TM_Banners_001" tests="2" failures="0" timestamp="14 Jul 2015 06:22:46 GMT" time="23.545" errors="0">
  <testcase name="TC_Banner_001" time="17.784" classname="banners.TM_Banners_001"/>
  <testcase name="TC_Banner_004" time="5.761" classname="banners.TM_Banners_001"/>
</testsuite> <!-- banners.TM_Banners_001 -->
