<?xml version="1.0" encoding="UTF-8"?>
<!-- Generated by org.testng.reporters.JUnitReportReporter -->
<testsuite hostname="HOANGNAM-VAIO" name="weblinks.TM_Weblink_005" tests="2" failures="0" timestamp="23 Jul 2015 04:20:35 GMT" time="36.871" errors="0">
  <testcase name="TC_Weblink_016" time="13.635" classname="weblinks.TM_Weblink_005"/>
  <testcase name="TC_Weblink_015" time="23.236" classname="weblinks.TM_Weblink_005"/>
</testsuite> <!-- weblinks.TM_Weblink_005 -->
