<?xml version="1.0" encoding="UTF-8"?>
<!-- Generated by org.testng.reporters.JUnitReportReporter -->
<testsuite hostname="HOANGNAM-VAIO" name="banners.TM_Banners_002" tests="2" failures="0" timestamp="23 Jul 2015 04:20:35 GMT" time="54.076" errors="0">
  <testcase name="TC_Banner_002" time="43.743" classname="banners.TM_Banners_002"/>
  <testcase name="TC_Banner_005" time="10.333" classname="banners.TM_Banners_002"/>
</testsuite> <!-- banners.TM_Banners_002 -->
