<?xml version="1.0" encoding="UTF-8"?>
<!-- Generated by org.testng.reporters.JUnitReportReporter -->
<testsuite hostname="HOANGNAM-VAIO" name="bannerclients.TM_BannerClient_003" tests="1" failures="0" timestamp="14 Jul 2015 00:24:54 GMT" time="18.043" errors="0">
  <testcase name="TC_BannerClient_009" time="18.043" classname="bannerclients.TM_BannerClient_003"/>
</testsuite> <!-- bannerclients.TM_BannerClient_003 -->
