<?xml version="1.0" encoding="UTF-8"?>
<!-- Generated by org.testng.reporters.JUnitReportReporter -->
<testsuite hostname="HOANGNAM-VAIO" name="bannerclients.TM_BannerClient_004" tests="4" failures="0" timestamp="23 Jul 2015 04:20:35 GMT" time="80.644" errors="0">
  <testcase name="TC_BannerClient_011" time="15.677" classname="bannerclients.TM_BannerClient_004"/>
  <testcase name="TC_BannerClient_013" time="15.400" classname="bannerclients.TM_BannerClient_004"/>
  <testcase name="TC_BannerClient_010" time="43.149" classname="bannerclients.TM_BannerClient_004"/>
  <testcase name="TC_BannerClient_012" time="6.418" classname="bannerclients.TM_BannerClient_004"/>
</testsuite> <!-- bannerclients.TM_BannerClient_004 -->
