<?xml version="1.0" encoding="UTF-8"?>
<!-- Generated by org.testng.reporters.JUnitReportReporter -->
<testsuite hostname="HOANGNAM-VAIO" name="categorymanager.TM_CategoryManager_004" tests="1" failures="0" timestamp="23 Jul 2015 04:20:35 GMT" time="19.948" errors="0">
  <testcase name="TC_CategoryManager_013" time="19.948" classname="categorymanager.TM_CategoryManager_004"/>
</testsuite> <!-- categorymanager.TM_CategoryManager_004 -->
