<?xml version="1.0" encoding="UTF-8"?>
<!-- Generated by org.testng.reporters.JUnitReportReporter -->
<testsuite hostname="HOANGNAM-VAIO" name="article.TM_Article_006" tests="2" failures="0" timestamp="21 Jul 2015 00:21:27 GMT" time="29.004" errors="0">
  <testcase name="TC_Articles_016" time="7.539" classname="article.TM_Article_006"/>
  <testcase name="TC_Article_017" time="21.465" classname="article.TM_Article_006"/>
</testsuite> <!-- article.TM_Article_006 -->
