<?xml version="1.0" encoding="UTF-8"?>
<!-- Generated by org.testng.reporters.JUnitReportReporter -->
<testsuite hostname="HOANGNAM-VAIO" name="article.TM_Article_005" tests="2" failures="0" timestamp="23 Jul 2015 04:20:35 GMT" time="52.591" errors="0">
  <testcase name="TC_Article_008" time="4.635" classname="article.TM_Article_005"/>
  <testcase name="TC_Article_006" time="47.956" classname="article.TM_Article_005"/>
</testsuite> <!-- article.TM_Article_005 -->
