<?xml version="1.0" encoding="UTF-8"?>
<!-- Generated by org.testng.reporters.JUnitReportReporter -->
<testsuite hostname="HOANGNAM-VAIO" name="contacts.TM_Contact_002" tests="3" failures="0" timestamp="14 Jul 2015 00:24:54 GMT" time="29.767" errors="0">
  <testcase name="TC_Contact_003" time="20.659" classname="contacts.TM_Contact_002"/>
  <testcase name="TC_Contact_004" time="3.496" classname="contacts.TM_Contact_002"/>
  <testcase name="TC_Contact_007" time="5.612" classname="contacts.TM_Contact_002"/>
</testsuite> <!-- contacts.TM_Contact_002 -->
