<?xml version="1.0" encoding="UTF-8"?>
<!-- Generated by org.testng.reporters.JUnitReportReporter -->
<testsuite hostname="HOANGNAM-VAIO" name="bannerclients.TM_BannerClient_002" tests="4" failures="0" timestamp="14 Jul 2015 00:24:54 GMT" time="30.901" errors="0">
  <testcase name="TC_BannerClient_006" time="5.357" classname="bannerclients.TM_BannerClient_002"/>
  <testcase name="TC_BannerClient_002" time="20.213" classname="bannerclients.TM_BannerClient_002"/>
  <testcase name="TC_BannerClient_004" time="3.278" classname="bannerclients.TM_BannerClient_002"/>
  <testcase name="TC_BannerClient_008" time="2.053" classname="bannerclients.TM_BannerClient_002"/>
</testsuite> <!-- bannerclients.TM_BannerClient_002 -->
