<?xml version="1.0" encoding="UTF-8"?>
<!-- Generated by org.testng.reporters.JUnitReportReporter -->
<testsuite hostname="LGDN-PC" name="bannerclients.TM_BannerClient_002" tests="3" failures="0" timestamp="30 Jul 2015 01:35:47 GMT" time="13.963" errors="0">
  <testcase name="TC_JOOMLA_BANNERS_CLIENTS_004" time="0.973" classname="bannerclients.TM_BannerClient_002"/>
  <testcase name="TC_JOOMLA_BANNERS_CLIENTS_002" time="11.055" classname="bannerclients.TM_BannerClient_002"/>
  <testcase name="TC_JOOMLA_BANNERS_CLIENTS_006" time="1.935" classname="bannerclients.TM_BannerClient_002"/>
</testsuite> <!-- bannerclients.TM_BannerClient_002 -->
