<?xml version="1.0" encoding="UTF-8"?>
<!-- Generated by org.testng.reporters.JUnitReportReporter -->
<testsuite hostname="LGDN-PC" name="article.TM_Article_001" tests="3" failures="0" timestamp="14 Jul 2015 06:22:46 GMT" time="32.159" errors="0">
  <testcase name="TC_Article_009" time="9.592" classname="article.TM_Article_001"/>
  <testcase name="TC_Article_001" time="14.009" classname="article.TM_Article_001"/>
  <testcase name="TC_Article_002" time="8.558" classname="article.TM_Article_001"/>
</testsuite> <!-- article.TM_Article_001 -->
