<?xml version="1.0" encoding="UTF-8"?>
<!-- Generated by org.testng.reporters.JUnitReportReporter -->
<testsuite hostname="HOANGNAM-VAIO" name="weblinks.TM_Weblink_006" tests="2" failures="0" timestamp="23 Jul 2015 04:20:35 GMT" time="50.399" errors="0">
  <testcase name="TC_Weblink_006" time="43.667" classname="weblinks.TM_Weblink_006"/>
  <testcase name="TC_Weblink_012" time="6.732" classname="weblinks.TM_Weblink_006"/>
</testsuite> <!-- weblinks.TM_Weblink_006 -->
