<?xml version="1.0" encoding="UTF-8"?>
<!-- Generated by org.testng.reporters.JUnitReportReporter -->
<testsuite hostname="ANDONGNHI" name="weblinks.TM_Weblink_002" tests="2" failures="0" timestamp="27 Jul 2015 14:53:06 GMT" time="28.367" errors="0">
  <testcase name="TC_Weblink_007" time="7.750" classname="weblinks.TM_Weblink_002"/>
  <testcase name="TC_Weblink_003" time="20.617" classname="weblinks.TM_Weblink_002"/>
</testsuite> <!-- weblinks.TM_Weblink_002 -->
