<?xml version="1.0" encoding="UTF-8"?>
<!-- Generated by org.testng.reporters.JUnitReportReporter -->
<testsuite hostname="HOANGNAM-VAIO" name="article.TM_Article_001" tests="3" failures="0" timestamp="16 Jul 2015 15:16:30 GMT" time="50.581" errors="0">
  <testcase name="TC_Article_002" time="14.326" classname="article.TM_Article_001"/>
  <testcase name="TC_Article_009" time="18.452" classname="article.TM_Article_001"/>
  <testcase name="TC_Article_001" time="17.803" classname="article.TM_Article_001"/>
</testsuite> <!-- article.TM_Article_001 -->
