<?xml version="1.0" encoding="UTF-8"?>
<!-- Generated by org.testng.reporters.JUnitReportReporter -->
<testsuite hostname="ANDONGNHI" name="weblinks.TM_Weblink_001" tests="6" failures="0" timestamp="27 Jul 2015 15:35:24 GMT" time="99.913" errors="0">
  <testcase name="TC_Weblink_009" time="4.170" classname="weblinks.TM_Weblink_001"/>
  <testcase name="TC_Weblink_002" time="13.480" classname="weblinks.TM_Weblink_001"/>
  <testcase name="TC_Weblink_008" time="20.475" classname="weblinks.TM_Weblink_001"/>
  <testcase name="TC_Weblink_010" time="16.850" classname="weblinks.TM_Weblink_001"/>
  <testcase name="TC_Weblink_001" time="17.332" classname="weblinks.TM_Weblink_001"/>
  <testcase name="TC_Weblink_011" time="27.606" classname="weblinks.TM_Weblink_001"/>
</testsuite> <!-- weblinks.TM_Weblink_001 -->
