<?xml version="1.0" encoding="UTF-8"?>
<!-- Generated by org.testng.reporters.JUnitReportReporter -->
<testsuite hostname="HOANGNAM-VAIO" name="weblinks.TM_Weblink_002" tests="2" failures="0" timestamp="14 Jul 2015 00:24:54 GMT" time="28.677" errors="0">
  <testcase name="TC_Weblink_003" time="20.783" classname="weblinks.TM_Weblink_002"/>
  <testcase name="TC_Weblink_007" time="7.894" classname="weblinks.TM_Weblink_002"/>
</testsuite> <!-- weblinks.TM_Weblink_002 -->
