<?xml version="1.0" encoding="UTF-8"?>
<!-- Generated by org.testng.reporters.JUnitReportReporter -->
<testsuite hostname="ANDONGNHI" name="bannerclients.TM_BannerClient_001" tests="8" failures="0" timestamp="27 Jul 2015 15:35:24 GMT" time="89.620" errors="0">
  <testcase name="TC_BannerClient_003" time="3.300" classname="bannerclients.TM_BannerClient_001"/>
  <testcase name="TC_BannerClient_001" time="17.825" classname="bannerclients.TM_BannerClient_001"/>
  <testcase name="TC_BannerClient_005" time="5.190" classname="bannerclients.TM_BannerClient_001"/>
  <testcase name="TC_BannerClient_009" time="10.870" classname="bannerclients.TM_BannerClient_001"/>
  <testcase name="TC_BannerClient_008" time="3.870" classname="bannerclients.TM_BannerClient_001"/>
  <testcase name="TC_BannerClient_015" time="16.874" classname="bannerclients.TM_BannerClient_001"/>
  <testcase name="TC_BannerClient_007" time="14.442" classname="bannerclients.TM_BannerClient_001"/>
  <testcase name="TC_BannerClient_014" time="17.249" classname="bannerclients.TM_BannerClient_001"/>
</testsuite> <!-- bannerclients.TM_BannerClient_001 -->
