<?xml version="1.0" encoding="UTF-8"?>
<!-- Generated by org.testng.reporters.JUnitReportReporter -->
<testsuite hostname="LGDN-PC" name="weblinks.TM_Weblink_005" tests="2" failures="0" timestamp="14 Jul 2015 06:22:46 GMT" time="15.369" errors="0">
  <testcase name="TC_Weblink_016" time="5.742" classname="weblinks.TM_Weblink_005"/>
  <testcase name="TC_Weblink_015" time="9.627" classname="weblinks.TM_Weblink_005"/>
</testsuite> <!-- weblinks.TM_Weblink_005 -->
