<?xml version="1.0" encoding="UTF-8"?>
<!-- Generated by org.testng.reporters.JUnitReportReporter -->
<testsuite hostname="HOANGNAM-VAIO" name="weblinks.TM_Weblink_002" tests="2" failures="0" timestamp="23 Jul 2015 04:20:35 GMT" time="28.241" errors="0">
  <testcase name="TC_Weblink_007" time="7.990" classname="weblinks.TM_Weblink_002"/>
  <testcase name="TC_Weblink_003" time="20.251" classname="weblinks.TM_Weblink_002"/>
</testsuite> <!-- weblinks.TM_Weblink_002 -->
