<?xml version="1.0" encoding="UTF-8"?>
<!-- Generated by org.testng.reporters.JUnitReportReporter -->
<testsuite hostname="HOANGNAM-VAIO" name="banners.TM_Banners_002" tests="2" failures="0" timestamp="18 Jul 2015 06:49:24 GMT" time="53.184" errors="0">
  <testcase name="TC_Banner_005" time="10.023" classname="banners.TM_Banners_002"/>
  <testcase name="TC_Banner_002" time="43.161" classname="banners.TM_Banners_002"/>
</testsuite> <!-- banners.TM_Banners_002 -->
