<?xml version="1.0" encoding="UTF-8"?>
<!-- Generated by org.testng.reporters.JUnitReportReporter -->
<testsuite hostname="LGDN-PC" name="article.TM_Article_006" tests="2" failures="0" timestamp="30 Jul 2015 01:35:47 GMT" time="44.992" errors="0">
  <testcase name="TC_JOOMLA_Articles_016" time="4.293" classname="article.TM_Article_006"/>
  <testcase name="TC_JOOMLA_Article_017" time="40.699" classname="article.TM_Article_006"/>
</testsuite> <!-- article.TM_Article_006 -->
