<?xml version="1.0" encoding="UTF-8"?>
<!-- Generated by org.testng.reporters.JUnitReportReporter -->
<testsuite hostname="ANDONGNHI" name="bannerclients.TM_BannerClient_002" tests="3" failures="0" timestamp="27 Jul 2015 15:35:24 GMT" time="30.417" errors="0">
  <testcase name="TC_BannerClient_002" time="21.807" classname="bannerclients.TM_BannerClient_002"/>
  <testcase name="TC_BannerClient_004" time="3.350" classname="bannerclients.TM_BannerClient_002"/>
  <testcase name="TC_BannerClient_006" time="5.260" classname="bannerclients.TM_BannerClient_002"/>
</testsuite> <!-- bannerclients.TM_BannerClient_002 -->
