<?xml version="1.0" encoding="UTF-8"?>
<!-- Generated by org.testng.reporters.JUnitReportReporter -->
<testsuite hostname="ANDONGNHI" name="weblinks.TM_Weblink_004" tests="5" failures="0" timestamp="27 Jul 2015 15:35:24 GMT" time="110.545" errors="0">
  <testcase name="TC_Weblink_014" time="23.080" classname="weblinks.TM_Weblink_004"/>
  <testcase name="TC_Weblink_006" time="50.576" classname="weblinks.TM_Weblink_004"/>
  <testcase name="TC_Weblink_012" time="6.629" classname="weblinks.TM_Weblink_004"/>
  <testcase name="TC_Weblink_016" time="13.440" classname="weblinks.TM_Weblink_004"/>
  <testcase name="TC_Weblink_015" time="16.820" classname="weblinks.TM_Weblink_004"/>
</testsuite> <!-- weblinks.TM_Weblink_004 -->
