<?xml version="1.0" encoding="UTF-8"?>
<!-- Generated by org.testng.reporters.JUnitReportReporter -->
<testsuite hostname="HOANGNAM-VAIO" name="banners.TM_Banners_007" tests="2" failures="0" timestamp="21 Jul 2015 00:21:27 GMT" time="66.215" errors="0">
  <testcase name="TC_Banners_012" time="11.808" classname="banners.TM_Banners_007"/>
  <testcase name="TC_Banner_013" time="54.407" classname="banners.TM_Banners_007"/>
</testsuite> <!-- banners.TM_Banners_007 -->
