<?xml version="1.0" encoding="UTF-8"?>
<!-- Generated by org.testng.reporters.JUnitReportReporter -->
<testsuite hostname="LGDN-PC" name="categorymanager.TM_CategoryManager_003" tests="2" failures="0" timestamp="30 Jul 2015 01:35:46 GMT" time="26.484" errors="0">
  <testcase name="TC_JOOMLA_CategoryManger_009" time="4.177" classname="categorymanager.TM_CategoryManager_003"/>
  <testcase name="TC_JOOMLA_CategoryManager_010" time="22.307" classname="categorymanager.TM_CategoryManager_003"/>
</testsuite> <!-- categorymanager.TM_CategoryManager_003 -->
