<?xml version="1.0" encoding="UTF-8"?>
<!-- Generated by org.testng.reporters.JUnitReportReporter -->
<testsuite hostname="HOANGNAM-VAIO" name="banners.TM_Banners_001" tests="3" failures="0" timestamp="18 Jul 2015 14:56:41 GMT" time="54.720" errors="0">
  <testcase name="TC_Banner_001" time="41.162" classname="banners.TM_Banners_001"/>
  <testcase name="TC_Banner_004" time="11.321" classname="banners.TM_Banners_001"/>
  <testcase name="TC_Banner_008" time="2.237" classname="banners.TM_Banners_001"/>
</testsuite> <!-- banners.TM_Banners_001 -->
