<?xml version="1.0" encoding="UTF-8"?>
<!-- Generated by org.testng.reporters.JUnitReportReporter -->
<testsuite hostname="HOANGNAM-VAIO" name="banners.TM_Banners_001" tests="3" failures="0" timestamp="18 Jul 2015 06:49:24 GMT" time="53.250" errors="0">
  <testcase name="TC_Banner_004" time="11.119" classname="banners.TM_Banners_001"/>
  <testcase name="TC_Banner_008" time="2.228" classname="banners.TM_Banners_001"/>
  <testcase name="TC_Banner_001" time="39.903" classname="banners.TM_Banners_001"/>
</testsuite> <!-- banners.TM_Banners_001 -->
