<?xml version="1.0" encoding="UTF-8"?>
<!-- Generated by org.testng.reporters.JUnitReportReporter -->
<testsuite hostname="HOANGNAM-VAIO" name="article.TM_Article_001" tests="3" failures="0" timestamp="20 Jul 2015 15:33:25 GMT" time="72.562" errors="0">
  <testcase name="TC_Article_002" time="20.666" classname="article.TM_Article_001"/>
  <testcase name="TC_Article_009" time="27.695" classname="article.TM_Article_001"/>
  <testcase name="TC_Article_001" time="24.201" classname="article.TM_Article_001"/>
</testsuite> <!-- article.TM_Article_001 -->
