<?xml version="1.0" encoding="UTF-8"?>
<!-- Generated by org.testng.reporters.JUnitReportReporter -->
<testsuite hostname="LGDN-PC" name="weblinks.TM_Weblink_004" tests="2" failures="0" timestamp="14 Jul 2015 06:22:46 GMT" time="11.823" errors="0">
  <testcase name="TC_Weblink_010" time="4.037" classname="weblinks.TM_Weblink_004"/>
  <testcase name="TC_Weblink_009" time="7.786" classname="weblinks.TM_Weblink_004"/>
</testsuite> <!-- weblinks.TM_Weblink_004 -->
