<?xml version="1.0" encoding="UTF-8"?>
<!-- Generated by org.testng.reporters.JUnitReportReporter -->
<testsuite hostname="LGDN-PC" name="article.TM_Article_004" tests="2" failures="0" timestamp="30 Jul 2015 01:35:46 GMT" time="31.584" errors="0">
  <testcase name="TC_JOOMLA_Article_015" time="2.877" classname="article.TM_Article_004"/>
  <testcase name="TC_JOOMLA_Article_003" time="28.707" classname="article.TM_Article_004"/>
</testsuite> <!-- article.TM_Article_004 -->
