<?xml version="1.0" encoding="UTF-8"?>
<!-- Generated by org.testng.reporters.JUnitReportReporter -->
<testsuite hostname="HOANGNAM-VAIO" name="banners.TM_Banners_004" tests="1" failures="0" timestamp="23 Jul 2015 04:20:35 GMT" time="68.145" errors="0">
  <testcase name="TC_Banner_010" time="68.145" classname="banners.TM_Banners_004"/>
</testsuite> <!-- banners.TM_Banners_004 -->
