<?xml version="1.0" encoding="UTF-8"?>
<!-- Generated by org.testng.reporters.JUnitReportReporter -->
<testsuite hostname="HOANGNAM-VAIO" name="banners.TM_Banners_008" tests="4" failures="0" timestamp="23 Jul 2015 15:48:53 GMT" time="70.437" errors="0">
  <testcase name="TC_Banner_015" time="4.528" classname="banners.TM_Banners_008"/>
  <testcase name="TC_Banner_016" time="26.956" classname="banners.TM_Banners_008"/>
  <testcase name="TC_Banner_014" time="36.723" classname="banners.TM_Banners_008"/>
  <testcase name="TC_Banner_017" time="2.230" classname="banners.TM_Banners_008"/>
</testsuite> <!-- banners.TM_Banners_008 -->
