<?xml version="1.0" encoding="UTF-8"?>
<!-- Generated by org.testng.reporters.JUnitReportReporter -->
<testsuite hostname="LGDN-PC" name="banners.TM_Banners_002" tests="2" failures="0" timestamp="14 Jul 2015 06:22:46 GMT" time="27.969" errors="0">
  <testcase name="TC_Banner_002" time="22.009" classname="banners.TM_Banners_002"/>
  <testcase name="TC_Banner_005" time="5.960" classname="banners.TM_Banners_002"/>
</testsuite> <!-- banners.TM_Banners_002 -->
