<?xml version="1.0" encoding="UTF-8"?>
<!-- Generated by org.testng.reporters.JUnitReportReporter -->
<testsuite hostname="LGDN-PC" name="contacts.TM_Contact_003" tests="1" failures="0" timestamp="14 Jul 2015 06:22:46 GMT" time="10.359" errors="0">
  <testcase name="TC_Contact_010" time="10.359" classname="contacts.TM_Contact_003"/>
</testsuite> <!-- contacts.TM_Contact_003 -->
