<?xml version="1.0" encoding="UTF-8"?>
<!-- Generated by org.testng.reporters.JUnitReportReporter -->
<testsuite hostname="HOANGNAM-VAIO" name="weblinks.TM_Weblink_004" tests="2" failures="0" timestamp="23 Jul 2015 04:20:35 GMT" time="21.172" errors="0">
  <testcase name="TC_Weblink_010" time="4.472" classname="weblinks.TM_Weblink_004"/>
  <testcase name="TC_Weblink_009" time="16.700" classname="weblinks.TM_Weblink_004"/>
</testsuite> <!-- weblinks.TM_Weblink_004 -->
