<?xml version="1.0" encoding="UTF-8"?>
<!-- Generated by org.testng.reporters.JUnitReportReporter -->
<testsuite hostname="HOANGNAM-VAIO" name="banners.TM_Banners_006" tests="1" failures="0" timestamp="23 Jul 2015 04:20:35 GMT" time="47.378" errors="0">
  <testcase name="TC_Banner_011" time="47.378" classname="banners.TM_Banners_006"/>
</testsuite> <!-- banners.TM_Banners_006 -->
