<?xml version="1.0" encoding="UTF-8"?>
<!-- Generated by org.testng.reporters.JUnitReportReporter -->
<testsuite hostname="LGDN-PC" name="contacts.TM_Contact_001" tests="3" failures="0" timestamp="14 Jul 2015 06:22:47 GMT" time="14.299" errors="0">
  <testcase name="TC_Contact_005" time="3.641" classname="contacts.TM_Contact_001"/>
  <testcase name="TC_Contact_001" time="6.692" classname="contacts.TM_Contact_001"/>
  <testcase name="TC_Contact_002" time="3.966" classname="contacts.TM_Contact_001"/>
</testsuite> <!-- contacts.TM_Contact_001 -->
