<?xml version="1.0" encoding="UTF-8"?>
<!-- Generated by org.testng.reporters.JUnitReportReporter -->
<testsuite hostname="HOANGNAM-VAIO" name="bannerclients.TM_BannerClient_001" tests="4" failures="0" timestamp="14 Jul 2015 00:24:54 GMT" time="29.891" errors="0">
  <testcase name="TC_BannerClient_005" time="5.338" classname="bannerclients.TM_BannerClient_001"/>
  <testcase name="TC_BannerClient_007" time="5.361" classname="bannerclients.TM_BannerClient_001"/>
  <testcase name="TC_BannerClient_003" time="3.246" classname="bannerclients.TM_BannerClient_001"/>
  <testcase name="TC_BannerClient_001" time="15.946" classname="bannerclients.TM_BannerClient_001"/>
</testsuite> <!-- bannerclients.TM_BannerClient_001 -->
