<?xml version="1.0" encoding="UTF-8"?>
<!-- Generated by org.testng.reporters.JUnitReportReporter -->
<testsuite hostname="HOANGNAM-VAIO" name="banners.TM_Banners_006" tests="1" failures="0" timestamp="20 Jul 2015 00:39:58 GMT" time="44.511" errors="0">
  <testcase name="TC_Banner_09" time="44.511" classname="banners.TM_Banners_006"/>
</testsuite> <!-- banners.TM_Banners_006 -->
