<?xml version="1.0" encoding="UTF-8"?>
<!-- Generated by org.testng.reporters.JUnitReportReporter -->
<testsuite hostname="HOANGNAM-VAIO" name="banners.TM_Banners_003" tests="3" failures="0" timestamp="23 Jul 2015 04:20:35 GMT" time="60.492" errors="0">
  <testcase name="TC_Banner_006" time="10.331" classname="banners.TM_Banners_003"/>
  <testcase name="TC_Banner_003" time="43.184" classname="banners.TM_Banners_003"/>
  <testcase name="TC_Banner_007" time="6.977" classname="banners.TM_Banners_003"/>
</testsuite> <!-- banners.TM_Banners_003 -->
