<?xml version="1.0" encoding="UTF-8"?>
<!-- Generated by org.testng.reporters.JUnitReportReporter -->
<testsuite hostname="HOANGNAM-VAIO" name="banners.TM_Banners_001" tests="3" failures="0" timestamp="23 Jul 2015 04:20:35 GMT" time="51.873" errors="0">
  <testcase name="TC_Banner_004" time="10.109" classname="banners.TM_Banners_001"/>
  <testcase name="TC_Banner_008" time="2.178" classname="banners.TM_Banners_001"/>
  <testcase name="TC_Banner_001" time="39.586" classname="banners.TM_Banners_001"/>
</testsuite> <!-- banners.TM_Banners_001 -->
