<?xml version="1.0" encoding="UTF-8"?>
<!-- Generated by org.testng.reporters.JUnitReportReporter -->
<testsuite hostname="HOANGNAM-VAIO" name="contacts.TM_Contact_001" tests="3" failures="0" timestamp="23 Jul 2015 04:20:35 GMT" time="39.656" errors="0">
  <testcase name="TC_Contact_002" time="10.387" classname="contacts.TM_Contact_001"/>
  <testcase name="TC_Contact_005" time="11.574" classname="contacts.TM_Contact_001"/>
  <testcase name="TC_Contact_001" time="17.695" classname="contacts.TM_Contact_001"/>
</testsuite> <!-- contacts.TM_Contact_001 -->
