<?xml version="1.0" encoding="UTF-8"?>
<!-- Generated by org.testng.reporters.JUnitReportReporter -->
<testsuite hostname="LGDN-PC" name="bannerclients.TM_BannerClient_003" tests="1" failures="0" timestamp="14 Jul 2015 06:22:46 GMT" time="7.563" errors="0">
  <testcase name="TC_BannerClient_009" time="7.563" classname="bannerclients.TM_BannerClient_003"/>
</testsuite> <!-- bannerclients.TM_BannerClient_003 -->
