<?xml version="1.0" encoding="UTF-8"?>
<!-- Generated by org.testng.reporters.JUnitReportReporter -->
<testsuite hostname="HOANGNAM-VAIO" name="article.TM_Article_001" tests="3" failures="0" timestamp="21 Jul 2015 00:21:27 GMT" time="65.722" errors="0">
  <testcase name="TC_Article_002" time="16.675" classname="article.TM_Article_001"/>
  <testcase name="TC_Article_009" time="21.990" classname="article.TM_Article_001"/>
  <testcase name="TC_Article_001" time="27.057" classname="article.TM_Article_001"/>
</testsuite> <!-- article.TM_Article_001 -->
