<?xml version="1.0" encoding="UTF-8"?>
<!-- Generated by org.testng.reporters.JUnitReportReporter -->
<testsuite hostname="HOANGNAM-VAIO" name="banners.TM_Banners_005" tests="1" failures="0" timestamp="21 Jul 2015 00:21:27 GMT" time="50.060" errors="0">
  <testcase name="TC_Banner_009" time="50.060" classname="banners.TM_Banners_005"/>
</testsuite> <!-- banners.TM_Banners_005 -->
