<?xml version="1.0" encoding="UTF-8"?>
<!-- Generated by org.testng.reporters.JUnitReportReporter -->
<testsuite hostname="LGDN-PC" name="categorymanager.TM_CategoryManager_001" tests="6" failures="0" timestamp="30 Jul 2015 01:35:47 GMT" time="46.363" errors="0">
  <testcase name="TC_JOOMLA_CategoryManager_011" time="12.199" classname="categorymanager.TM_CategoryManager_001"/>
  <testcase name="TC_JOOMLA_CategoryManager_001" time="14.849" classname="categorymanager.TM_CategoryManager_001"/>
  <testcase name="TC_JOOMLA_CategoryManager_002" time="9.679" classname="categorymanager.TM_CategoryManager_001"/>
  <testcase name="TC_JOOMLA_CategoryManager_006" time="2.248" classname="categorymanager.TM_CategoryManager_001"/>
  <testcase name="TC_JOOMLA_CategoryManager_007" time="5.757" classname="categorymanager.TM_CategoryManager_001"/>
  <testcase name="TC_JOOMLA_CategoryManager_005" time="1.631" classname="categorymanager.TM_CategoryManager_001"/>
</testsuite> <!-- categorymanager.TM_CategoryManager_001 -->
