<?xml version="1.0" encoding="UTF-8"?>
<!-- Generated by org.testng.reporters.JUnitReportReporter -->
<testsuite hostname="HOANGNAM-VAIO" name="contacts.TM_Contact_003" tests="1" failures="0" timestamp="23 Jul 2015 04:20:35 GMT" time="26.829" errors="0">
  <testcase name="TC_Contact_010" time="26.829" classname="contacts.TM_Contact_003"/>
</testsuite> <!-- contacts.TM_Contact_003 -->
