<?xml version="1.0" encoding="UTF-8"?>
<!-- Generated by org.testng.reporters.JUnitReportReporter -->
<testsuite hostname="HOANGNAM-VAIO" name="bannerclients.TM_BannerClient_003" tests="1" failures="0" timestamp="23 Jul 2015 04:20:35 GMT" time="18.725" errors="0">
  <testcase name="TC_BannerClient_009" time="18.725" classname="bannerclients.TM_BannerClient_003"/>
</testsuite> <!-- bannerclients.TM_BannerClient_003 -->
