<?xml version="1.0" encoding="UTF-8"?>
<!-- Generated by org.testng.reporters.JUnitReportReporter -->
<testsuite hostname="LGDN-PC" name="article.TM_Article_005" tests="1" failures="0" timestamp="14 Jul 2015 06:22:46 GMT" time="9.890" errors="0">
  <testcase name="TC_Article_008" time="9.890" classname="article.TM_Article_005"/>
</testsuite> <!-- article.TM_Article_005 -->
